[debug] [2021-12-07T16:14:47.016Z] ----------------------------------------------------------------------
[debug] [2021-12-07T16:14:47.018Z] Command:       /home/gitpod/.nvm/versions/node/v16.13.0/bin/node /workspace/nestjs-ng-workspaces/node_modules/.bin/firebase emulators:start --config firebase.spotify-auth-firebase-functions.json
[debug] [2021-12-07T16:14:47.019Z] CLI Version:   9.23.0
[debug] [2021-12-07T16:14:47.019Z] Platform:      linux
[debug] [2021-12-07T16:14:47.019Z] Node Version:  v16.13.0
[debug] [2021-12-07T16:14:47.020Z] Time:          Tue Dec 07 2021 16:14:47 GMT+0000 (Coordinated Universal Time)
[debug] [2021-12-07T16:14:47.020Z] ----------------------------------------------------------------------
[debug] 
[debug] [2021-12-07T16:14:47.112Z] Field ".emulators.auth.port" in "firebase.json" is possibly invalid: should be number
[debug] [2021-12-07T16:14:47.116Z] > command requires scopes: ["email","openid","https://www.googleapis.com/auth/cloudplatformprojects.readonly","https://www.googleapis.com/auth/firebase","https://www.googleapis.com/auth/cloud-platform"]
[debug] [2021-12-07T16:14:47.116Z] > authorizing via FIREBASE_TOKEN environment variable
[debug] [2021-12-07T16:14:47.120Z] > refreshing access token with scopes: []
[debug] [2021-12-07T16:14:47.121Z] >>> HTTP REQUEST POST https://www.googleapis.com/oauth2/v3/token  
 <request body omitted>
[debug] [2021-12-07T16:14:47.183Z] <<< HTTP RESPONSE 200 {"pragma":"no-cache","expires":"Mon, 01 Jan 1990 00:00:00 GMT","date":"Tue, 07 Dec 2021 16:14:47 GMT","cache-control":"no-cache, no-store, max-age=0, must-revalidate","content-type":"application/json; charset=utf-8","vary":"X-Origin, Referer, Origin,Accept-Encoding","server":"scaffolding on HTTPServer2","x-xss-protection":"0","x-frame-options":"SAMEORIGIN","x-content-type-options":"nosniff","accept-ranges":"none","transfer-encoding":"chunked"}
[debug] [2021-12-07T16:14:47.186Z] >>> [apiv2][query] GET https://firebase.googleapis.com/v1beta1/projects/1006585639798 [none]
[debug] [2021-12-07T16:14:47.369Z] <<< [apiv2][status] GET https://firebase.googleapis.com/v1beta1/projects/1006585639798 200
[debug] [2021-12-07T16:14:47.369Z] <<< [apiv2][body] GET https://firebase.googleapis.com/v1beta1/projects/1006585639798 {"projectId":"spotify-get-rid-of-shit","projectNumber":"1006585639798","displayName":"Spotify - Get rid of shit!","name":"projects/spotify-get-rid-of-shit","resources":{"hostingSite":"spotify-get-rid-of-shit"},"state":"ACTIVE"}
[debug] [2021-12-07T16:14:47.370Z] > command requires scopes: ["email","openid","https://www.googleapis.com/auth/cloudplatformprojects.readonly","https://www.googleapis.com/auth/firebase","https://www.googleapis.com/auth/cloud-platform"]
[debug] [2021-12-07T16:14:47.370Z] > authorizing via FIREBASE_TOKEN environment variable
[info] i  emulators: Starting emulators: auth, functions, firestore, database, hosting, pubsub, storage {"metadata":{"emulator":{"name":"hub"},"message":"Starting emulators: auth, functions, firestore, database, hosting, pubsub, storage"}}
[debug] [2021-12-07T16:14:47.382Z] [hub] writing locator at /tmp/hub-spotify-get-rid-of-shit.json
[info] i  emulators: Shutting down emulators. {"metadata":{"emulator":{"name":"hub"},"message":"Shutting down emulators."}}
[info] i  functions: Stopping Functions Emulator {"metadata":{"emulator":{"name":"functions"},"message":"Stopping Functions Emulator"}}
[info] i  hub: Stopping emulator hub {"metadata":{"emulator":{"name":"hub"},"message":"Stopping emulator hub"}}
[debug] [2021-12-07T16:14:47.394Z] Error: Cannot find module '/workspace/nestjs-ng-workspaces/dist/apps/spotify-auth-firebase-functions/package.json'
Require stack:
- /workspace/nestjs-ng-workspaces/node_modules/firebase-tools/lib/emulator/functionsEmulator.js
- /workspace/nestjs-ng-workspaces/node_modules/firebase-tools/lib/emulator/controller.js
- /workspace/nestjs-ng-workspaces/node_modules/firebase-tools/lib/emulator/commandUtils.js
- /workspace/nestjs-ng-workspaces/node_modules/firebase-tools/lib/commands/database-get.js
- /workspace/nestjs-ng-workspaces/node_modules/firebase-tools/lib/commands/index.js
- /workspace/nestjs-ng-workspaces/node_modules/firebase-tools/lib/index.js
- /workspace/nestjs-ng-workspaces/node_modules/firebase-tools/lib/bin/firebase.js
    at Function.Module._resolveFilename (node:internal/modules/cjs/loader:933:15)
    at Function.Module._load (node:internal/modules/cjs/loader:778:27)
    at Module.require (node:internal/modules/cjs/loader:1005:19)
    at require (node:internal/modules/cjs/helpers:102:18)
    at FunctionsEmulator.askInstallNodeVersion (/workspace/nestjs-ng-workspaces/node_modules/firebase-tools/lib/emulator/functionsEmulator.js:466:21)
    at FunctionsEmulator.start (/workspace/nestjs-ng-workspaces/node_modules/firebase-tools/lib/emulator/functionsEmulator.js:178:32)
    at Function.start (/workspace/nestjs-ng-workspaces/node_modules/firebase-tools/lib/emulator/registry.js:16:24)
    at startEmulator (/workspace/nestjs-ng-workspaces/node_modules/firebase-tools/lib/emulator/controller.js:90:39)
    at Object.startAll (/workspace/nestjs-ng-workspaces/node_modules/firebase-tools/lib/emulator/controller.js:273:15)
    at processTicksAndRejections (node:internal/process/task_queues:96:5)
    at async Command.actionFn (/workspace/nestjs-ng-workspaces/node_modules/firebase-tools/lib/commands/emulators-start.js:26:9)
[error] 
[error] Error: An unexpected error has occurred.
[debug] [2021-12-07T16:15:33.811Z] ----------------------------------------------------------------------
[debug] [2021-12-07T16:15:33.813Z] Command:       /home/gitpod/.nvm/versions/node/v16.13.0/bin/node /workspace/nestjs-ng-workspaces/node_modules/.bin/firebase emulators:start --config firebase.spotify-auth-firebase-functions.json
[debug] [2021-12-07T16:15:33.814Z] CLI Version:   9.23.0
[debug] [2021-12-07T16:15:33.814Z] Platform:      linux
[debug] [2021-12-07T16:15:33.814Z] Node Version:  v16.13.0
[debug] [2021-12-07T16:15:33.814Z] Time:          Tue Dec 07 2021 16:15:33 GMT+0000 (Coordinated Universal Time)
[debug] [2021-12-07T16:15:33.815Z] ----------------------------------------------------------------------
[debug] 
[debug] [2021-12-07T16:15:33.880Z] Field ".emulators.auth.port" in "firebase.json" is possibly invalid: should be number
[debug] [2021-12-07T16:15:33.883Z] > command requires scopes: ["email","openid","https://www.googleapis.com/auth/cloudplatformprojects.readonly","https://www.googleapis.com/auth/firebase","https://www.googleapis.com/auth/cloud-platform"]
[debug] [2021-12-07T16:15:33.884Z] > authorizing via FIREBASE_TOKEN environment variable
[debug] [2021-12-07T16:15:33.887Z] > refreshing access token with scopes: []
[debug] [2021-12-07T16:15:33.888Z] >>> HTTP REQUEST POST https://www.googleapis.com/oauth2/v3/token  
 <request body omitted>
[debug] [2021-12-07T16:15:33.956Z] <<< HTTP RESPONSE 200 {"pragma":"no-cache","expires":"Mon, 01 Jan 1990 00:00:00 GMT","date":"Tue, 07 Dec 2021 16:15:33 GMT","cache-control":"no-cache, no-store, max-age=0, must-revalidate","content-type":"application/json; charset=utf-8","vary":"X-Origin, Referer, Origin,Accept-Encoding","server":"scaffolding on HTTPServer2","x-xss-protection":"0","x-frame-options":"SAMEORIGIN","x-content-type-options":"nosniff","accept-ranges":"none","transfer-encoding":"chunked"}
[debug] [2021-12-07T16:15:33.959Z] >>> [apiv2][query] GET https://firebase.googleapis.com/v1beta1/projects/1006585639798 [none]
[debug] [2021-12-07T16:15:34.229Z] <<< [apiv2][status] GET https://firebase.googleapis.com/v1beta1/projects/1006585639798 200
[debug] [2021-12-07T16:15:34.229Z] <<< [apiv2][body] GET https://firebase.googleapis.com/v1beta1/projects/1006585639798 {"projectId":"spotify-get-rid-of-shit","projectNumber":"1006585639798","displayName":"Spotify - Get rid of shit!","name":"projects/spotify-get-rid-of-shit","resources":{"hostingSite":"spotify-get-rid-of-shit"},"state":"ACTIVE"}
[debug] [2021-12-07T16:15:34.230Z] > command requires scopes: ["email","openid","https://www.googleapis.com/auth/cloudplatformprojects.readonly","https://www.googleapis.com/auth/firebase","https://www.googleapis.com/auth/cloud-platform"]
[debug] [2021-12-07T16:15:34.230Z] > authorizing via FIREBASE_TOKEN environment variable
[info] i  emulators: Starting emulators: auth, functions, firestore, database, hosting, pubsub, storage {"metadata":{"emulator":{"name":"hub"},"message":"Starting emulators: auth, functions, firestore, database, hosting, pubsub, storage"}}
[debug] [2021-12-07T16:15:34.238Z] [hub] writing locator at /tmp/hub-spotify-get-rid-of-shit.json
[info] i  emulators: Shutting down emulators. {"metadata":{"emulator":{"name":"hub"},"message":"Shutting down emulators."}}
[info] i  functions: Stopping Functions Emulator {"metadata":{"emulator":{"name":"functions"},"message":"Stopping Functions Emulator"}}
[info] i  hub: Stopping emulator hub {"metadata":{"emulator":{"name":"hub"},"message":"Stopping emulator hub"}}
[debug] [2021-12-07T16:15:34.251Z] Error: Cannot find module '/workspace/nestjs-ng-workspaces/dist/apps/spotify-auth-firebase-functions/package.json'
Require stack:
- /workspace/nestjs-ng-workspaces/node_modules/firebase-tools/lib/emulator/functionsEmulator.js
- /workspace/nestjs-ng-workspaces/node_modules/firebase-tools/lib/emulator/controller.js
- /workspace/nestjs-ng-workspaces/node_modules/firebase-tools/lib/emulator/commandUtils.js
- /workspace/nestjs-ng-workspaces/node_modules/firebase-tools/lib/commands/database-get.js
- /workspace/nestjs-ng-workspaces/node_modules/firebase-tools/lib/commands/index.js
- /workspace/nestjs-ng-workspaces/node_modules/firebase-tools/lib/index.js
- /workspace/nestjs-ng-workspaces/node_modules/firebase-tools/lib/bin/firebase.js
    at Function.Module._resolveFilename (node:internal/modules/cjs/loader:933:15)
    at Function.Module._load (node:internal/modules/cjs/loader:778:27)
    at Module.require (node:internal/modules/cjs/loader:1005:19)
    at require (node:internal/modules/cjs/helpers:102:18)
    at FunctionsEmulator.askInstallNodeVersion (/workspace/nestjs-ng-workspaces/node_modules/firebase-tools/lib/emulator/functionsEmulator.js:466:21)
    at FunctionsEmulator.start (/workspace/nestjs-ng-workspaces/node_modules/firebase-tools/lib/emulator/functionsEmulator.js:178:32)
    at Function.start (/workspace/nestjs-ng-workspaces/node_modules/firebase-tools/lib/emulator/registry.js:16:24)
    at startEmulator (/workspace/nestjs-ng-workspaces/node_modules/firebase-tools/lib/emulator/controller.js:90:39)
    at Object.startAll (/workspace/nestjs-ng-workspaces/node_modules/firebase-tools/lib/emulator/controller.js:273:15)
    at processTicksAndRejections (node:internal/process/task_queues:96:5)
    at async Command.actionFn (/workspace/nestjs-ng-workspaces/node_modules/firebase-tools/lib/commands/emulators-start.js:26:9)
[error] 
[error] Error: An unexpected error has occurred.
